<?xml version="1.0" encoding="UTF-8"?>
<testsuite name="App Test" tests="1" skipped="0" failures="0" errors="0" timestamp="2023-10-23T07:16:31" hostname="LAPTOP-FQAD0GH9" time="0.002">
  <properties/>
  <testcase name="Application_Test()" classname="com.geektrust.backend.AppTest" time="0.002"/>
  <system-out><![CDATA[]]></system-out>
  <system-err><![CDATA[]]></system-err>
</testsuite>
