<?xml version="1.0" encoding="UTF-8"?>
<testsuite name="com.geektrust.backend.AllotmentServiceTest" tests="1" skipped="0" failures="0" errors="0" timestamp="2023-10-23T07:16:31" hostname="LAPTOP-FQAD0GH9" time="0.166">
  <properties/>
  <testcase name="Test allot course thrwos course not available exception" classname="com.geektrust.backend.AllotmentServiceTest" time="0.166"/>
  <system-out><![CDATA[]]></system-out>
  <system-err><![CDATA[]]></system-err>
</testsuite>
