<?xml version="1.0" encoding="UTF-8"?>
<testsuite name="AddCourseOfferingTest" tests="2" skipped="0" failures="0" errors="0" timestamp="2023-10-23T07:16:30" hostname="LAPTOP-FQAD0GH9" time="1.435">
  <properties/>
  <testcase name="Add course offering command test input data error" classname="com.geektrust.backend.AddCourseOfferingCommandTest" time="1.422"/>
  <testcase name="Add course offering command test remove white spaces error" classname="com.geektrust.backend.AddCourseOfferingCommandTest" time="0.006"/>
  <system-out><![CDATA[]]></system-out>
  <system-err><![CDATA[]]></system-err>
</testsuite>
