<?xml version="1.0" encoding="UTF-8"?>
<testsuite name="com.geektrust.backend.RegistrationServiceTest" tests="5" skipped="0" failures="0" errors="0" timestamp="2023-10-23T07:16:31" hostname="LAPTOP-FQAD0GH9" time="0.034">
  <properties/>
  <testcase name="Test Course Offering not available exception" classname="com.geektrust.backend.RegistrationServiceTest" time="0.004"/>
  <testcase name="Test Cancel registration" classname="com.geektrust.backend.RegistrationServiceTest" time="0.007"/>
  <testcase name="Test Course already assigned exception" classname="com.geektrust.backend.RegistrationServiceTest" time="0.004"/>
  <testcase name="Test Course full exception" classname="com.geektrust.backend.RegistrationServiceTest" time="0.005"/>
  <testcase name="Test Registering employee" classname="com.geektrust.backend.RegistrationServiceTest" time="0.009"/>
  <system-out><![CDATA[]]></system-out>
  <system-err><![CDATA[]]></system-err>
</testsuite>
